# JRE version: OpenJDK Runtime Environment (21.0.5) (build 21.0.5+-12932927-b750.29)
# Java VM: OpenJDK 64-Bit Server VM (21.0.5+-12932927-b750.29, mixed mode, tiered, compressed oops, compressed class ptrs, g1 gc, windows-amd64)
GC Precious Log:
 CardTable entry size: 512
 Card Set container configuration: InlinePtr #cards 4 size 8 Array Of Cards #cards 16 size 48 Howl #buckets 8 coarsen threshold 3686 Howl Bitmap #cards 512 size 80 coarsen threshold 460 Card regions per heap region 1 cards per card region 4096
 CPUs: 16 total, 16 available
 Memory: 15654M
 Large Page Support: Disabled
 NUMA Support: Disabled
 Compressed Oops: Enabled (Zero based)
 Heap Region Size: 2M
 Heap Min Capacity: 8M
 Heap Initial Capacity: 246M
 Heap Max Capacity: 3914M
 Pre-touch: Disabled
 Parallel Workers: 13
 Concurrent Workers: 3
 Concurrent Refinement Workers: 13
 Periodic GC: Disabled
Heap:
 garbage-first heap   total 147456K, used 78597K [0x000000070b600000, 0x0000000800000000)
  region size 2048K, 32 young (65536K), 2 survivors (4096K)
 Metaspace       used 51211K, committed 51904K, reserved 1114112K
  class space    used 6166K, committed 6528K, reserved 1048576K
GC Heap History (14 events):
Event: 0.334 GC heap before
{Heap before GC invocations=0 (full 0):
 garbage-first heap   total 251904K, used 24576K [0x000000070b600000, 0x0000000800000000)
  region size 2048K, 11 young (22528K), 0 survivors (0K)
 Metaspace       used 13240K, committed 13440K, reserved 1114112K
  class space    used 1199K, committed 1280K, reserved 1048576K
}
Event: 0.336 GC heap after
{Heap after GC invocations=1 (full 0):
 garbage-first heap   total 251904K, used 6892K [0x000000070b600000, 0x0000000800000000)
  region size 2048K, 2 young (4096K), 2 survivors (4096K)
 Metaspace       used 13240K, committed 13440K, reserved 1114112K
  class space    used 1199K, committed 1280K, reserved 1048576K
}
Event: 0.624 GC heap before
{Heap before GC invocations=1 (full 0):
 garbage-first heap   total 251904K, used 29420K [0x000000070b600000, 0x0000000800000000)
  region size 2048K, 15 young (30720K), 2 survivors (4096K)
 Metaspace       used 21308K, committed 21504K, reserved 1114112K
  class space    used 2240K, committed 2304K, reserved 1048576K
}
Event: 0.627 GC heap after
{Heap after GC invocations=2 (full 0):
 garbage-first heap   total 251904K, used 9342K [0x000000070b600000, 0x0000000800000000)
  region size 2048K, 3 young (6144K), 3 survivors (6144K)
 Metaspace       used 21308K, committed 21504K, reserved 1114112K
  class space    used 2240K, committed 2304K, reserved 1048576K
}
Event: 0.929 GC heap before
{Heap before GC invocations=3 (full 0):
 garbage-first heap   total 34816K, used 33918K [0x000000070b600000, 0x0000000800000000)
  region size 2048K, 15 young (30720K), 3 survivors (6144K)
 Metaspace       used 28694K, committed 29056K, reserved 1114112K
  class space    used 3410K, committed 3584K, reserved 1048576K
}
Event: 0.933 GC heap after
{Heap after GC invocations=4 (full 0):
 garbage-first heap   total 43008K, used 11624K [0x000000070b600000, 0x0000000800000000)
  region size 2048K, 4 young (8192K), 4 survivors (8192K)
 Metaspace       used 28694K, committed 29056K, reserved 1114112K
  class space    used 3410K, committed 3584K, reserved 1048576K
}
Event: 1.018 GC heap before
{Heap before GC invocations=4 (full 0):
 garbage-first heap   total 43008K, used 30056K [0x000000070b600000, 0x0000000800000000)
  region size 2048K, 12 young (24576K), 4 survivors (8192K)
 Metaspace       used 29784K, committed 30016K, reserved 1114112K
  class space    used 3735K, committed 3840K, reserved 1048576K
}
Event: 1.025 GC heap after
{Heap after GC invocations=5 (full 0):
 garbage-first heap   total 43008K, used 16771K [0x000000070b600000, 0x0000000800000000)
  region size 2048K, 2 young (4096K), 2 survivors (4096K)
 Metaspace       used 29784K, committed 30016K, reserved 1114112K
  class space    used 3735K, committed 3840K, reserved 1048576K
}
Event: 1.223 GC heap before
{Heap before GC invocations=5 (full 0):
 garbage-first heap   total 43008K, used 33155K [0x000000070b600000, 0x0000000800000000)
  region size 2048K, 10 young (20480K), 2 survivors (4096K)
 Metaspace       used 34212K, committed 34496K, reserved 1114112K
  class space    used 4219K, committed 4352K, reserved 1048576K
}
Event: 1.227 GC heap after
{Heap after GC invocations=6 (full 0):
 garbage-first heap   total 43008K, used 16364K [0x000000070b600000, 0x0000000800000000)
  region size 2048K, 1 young (2048K), 1 survivors (2048K)
 Metaspace       used 34212K, committed 34496K, reserved 1114112K
  class space    used 4219K, committed 4352K, reserved 1048576K
}
Event: 1.355 GC heap before
{Heap before GC invocations=6 (full 0):
 garbage-first heap   total 43008K, used 22508K [0x000000070b600000, 0x0000000800000000)
  region size 2048K, 6 young (12288K), 1 survivors (2048K)
 Metaspace       used 35875K, committed 36096K, reserved 1114112K
  class space    used 4399K, committed 4480K, reserved 1048576K
}
Event: 1.357 GC heap after
{Heap after GC invocations=7 (full 0):
 garbage-first heap   total 43008K, used 17596K [0x000000070b600000, 0x0000000800000000)
  region size 2048K, 2 young (4096K), 2 survivors (4096K)
 Metaspace       used 35875K, committed 36096K, reserved 1114112K
  class space    used 4399K, committed 4480K, reserved 1048576K
}
Event: 1.496 GC heap before
{Heap before GC invocations=8 (full 0):
 garbage-first heap   total 43008K, used 29884K [0x000000070b600000, 0x0000000800000000)
  region size 2048K, 9 young (18432K), 2 survivors (4096K)
 Metaspace       used 38724K, committed 38912K, reserved 1114112K
  class space    used 4651K, committed 4736K, reserved 1048576K
}
Event: 1.499 GC heap after
{Heap after GC invocations=9 (full 0):
 garbage-first heap   total 147456K, used 19205K [0x000000070b600000, 0x0000000800000000)
  region size 2048K, 2 young (4096K), 2 survivors (4096K)
 Metaspace       used 38724K, committed 38912K, reserved 1114112K
  class space    used 4651K, committed 4736K, reserved 1048576K
}

